Using pre-set license
Built from '2021.3/staging' branch; Version is '2021.3.22f1 (b6c551784ba3) revision 11978065'; Using compiler version '192829333'; Build Type 'Release'
OS: 'Windows 11  (10.0.22631) 64bit Professional' Language: 'en' Physical Memory: 32386 MB
BatchMode: 1, IsHumanControllingUs: 0, StartBugReporterOnCrash: 0, Is64bit: 1, IsPro: 1

COMMAND LINE ARGUMENTS:
C:\Program Files\Unity 2021.3.22f1\Editor\Unity.exe
-adb2
-batchMode
-noUpm
-name
AssetImportWorker5
-projectPath
C:/Users/andre/Downloads/Fighter Planes 11.8.23/Fighter Planes
-logFile
Logs/AssetImportWorker5.log
-srvPort
57046
Successfully changed project path to: C:/Users/andre/Downloads/Fighter Planes 11.8.23/Fighter Planes
C:/Users/andre/Downloads/Fighter Planes 11.8.23/Fighter Planes
[UnityMemory] Configuration Parameters - Can be set up in boot.config
    "memorysetup-bucket-allocator-granularity=16"
    "memorysetup-bucket-allocator-bucket-count=8"
    "memorysetup-bucket-allocator-block-size=33554432"
    "memorysetup-bucket-allocator-block-count=8"
    "memorysetup-main-allocator-block-size=16777216"
    "memorysetup-thread-allocator-block-size=16777216"
    "memorysetup-gfx-main-allocator-block-size=16777216"
    "memorysetup-gfx-thread-allocator-block-size=16777216"
    "memorysetup-cache-allocator-block-size=4194304"
    "memorysetup-typetree-allocator-block-size=2097152"
    "memorysetup-profiler-bucket-allocator-granularity=16"
    "memorysetup-profiler-bucket-allocator-bucket-count=8"
    "memorysetup-profiler-bucket-allocator-block-size=33554432"
    "memorysetup-profiler-bucket-allocator-block-count=8"
    "memorysetup-profiler-allocator-block-size=16777216"
    "memorysetup-profiler-editor-allocator-block-size=1048576"
    "memorysetup-temp-allocator-size-main=16777216"
    "memorysetup-job-temp-allocator-block-size=2097152"
    "memorysetup-job-temp-allocator-block-size-background=1048576"
    "memorysetup-job-temp-allocator-reduction-small-platforms=262144"
    "memorysetup-temp-allocator-size-background-worker=32768"
    "memorysetup-temp-allocator-size-job-worker=262144"
    "memorysetup-temp-allocator-size-preload-manager=33554432"
    "memorysetup-temp-allocator-size-nav-mesh-worker=65536"
    "memorysetup-temp-allocator-size-audio-worker=65536"
    "memorysetup-temp-allocator-size-cloud-worker=32768"
    "memorysetup-temp-allocator-size-gi-baking-worker=262144"
    "memorysetup-temp-allocator-size-gfx=262144"
Player connection [13320] Host "[IP] 192.168.0.16 [Port] 0 [Flags] 2 [Guid] 3244855110 [EditorId] 3244855110 [Version] 1048832 [Id] WindowsEditor(7,BitchinROG) [Debug] 1 [PackageName] WindowsEditor [ProjectName] Editor" joined multi-casting on [225.0.0.222:54997]...

Player connection [13320] Host "[IP] 192.168.0.16 [Port] 0 [Flags] 2 [Guid] 3244855110 [EditorId] 3244855110 [Version] 1048832 [Id] WindowsEditor(7,BitchinROG) [Debug] 1 [PackageName] WindowsEditor [ProjectName] Editor" joined alternative multi-casting on [225.0.0.222:34997]...

Refreshing native plugins compatible for Editor in 43.76 ms, found 3 plugins.
Preloading 0 native plugins for Editor in 0.00 ms.
Initialize engine version: 2021.3.22f1 (b6c551784ba3)
[Subsystems] Discovering subsystems at path C:/Program Files/Unity 2021.3.22f1/Editor/Data/Resources/UnitySubsystems
[Subsystems] Discovering subsystems at path C:/Users/andre/Downloads/Fighter Planes 11.8.23/Fighter Planes/Assets
GfxDevice: creating device client; threaded=0; jobified=0
Direct3D:
    Version:  Direct3D 11.0 [level 11.1]
    Renderer: NVIDIA GeForce RTX 4070 Laptop GPU (ID=0x2860)
    Vendor:   NVIDIA
    VRAM:     7962 MB
    Driver:   31.0.15.2883
Initialize mono
Mono path[0] = 'C:/Program Files/Unity 2021.3.22f1/Editor/Data/Managed'
Mono path[1] = 'C:/Program Files/Unity 2021.3.22f1/Editor/Data/MonoBleedingEdge/lib/mono/unityjit-win32'
Mono config path = 'C:/Program Files/Unity 2021.3.22f1/Editor/Data/MonoBleedingEdge/etc'
Using monoOptions --debugger-agent=transport=dt_socket,embedding=1,server=y,suspend=n,address=127.0.0.1:56176
Begin MonoManager ReloadAssembly
Registering precompiled unity dll's ...
Register platform support module: C:/Program Files/Unity 2021.3.22f1/Editor/Data/PlaybackEngines/WebGLSupport/UnityEditor.WebGL.Extensions.dll
Register platform support module: C:/Program Files/Unity 2021.3.22f1/Editor/Data/PlaybackEngines/WindowsStandaloneSupport/UnityEditor.WindowsStandalone.Extensions.dll
Registered in 0.002053 seconds.
Native extension for WindowsStandalone target not found
Native extension for WebGL target not found
Refreshing native plugins compatible for Editor in 42.18 ms, found 3 plugins.
Preloading 0 native plugins for Editor in 0.00 ms.
Mono: successfully reloaded assembly
- Completed reload, in  0.349 seconds
Domain Reload Profiling:
	ReloadAssembly (349ms)
		BeginReloadAssembly (45ms)
			ExecutionOrderSort (0ms)
			DisableScriptedObjects (0ms)
			BackupInstance (0ms)
			ReleaseScriptingObjects (0ms)
			CreateAndSetChildDomain (0ms)
		EndReloadAssembly (251ms)
			LoadAssemblies (44ms)
			RebuildTransferFunctionScriptingTraits (0ms)
			SetupTypeCache (57ms)
			ReleaseScriptCaches (0ms)
			RebuildScriptCaches (15ms)
			SetupLoadedEditorAssemblies (151ms)
				LogAssemblyErrors (0ms)
				InitializePlatformSupportModulesInManaged (5ms)
				SetLoadedEditorAssemblies (0ms)
				RefreshPlugins (42ms)
				BeforeProcessingInitializeOnLoad (1ms)
				ProcessInitializeOnLoadAttributes (77ms)
				ProcessInitializeOnLoadMethodAttributes (26ms)
				AfterProcessingInitializeOnLoad (0ms)
				EditorAssembliesLoaded (0ms)
			ExecutionOrderSort2 (0ms)
			AwakeInstancesAfterBackupRestoration (0ms)
Platform modules already initialized, skipping
Registering precompiled user dll's ...
Registered in 0.002816 seconds.
Begin MonoManager ReloadAssembly
Symbol file LoadedFromMemory doesn't match image C:\Users\andre\Downloads\Fighter Planes 11.8.23\Fighter Planes\Library\PackageCache\com.unity.visualscripting@1.8.0\Editor\VisualScripting.Core\Dependencies\YamlDotNet\Unity.VisualScripting.YamlDotNet.dll
Symbol file LoadedFromMemory doesn't match image C:\Users\andre\Downloads\Fighter Planes 11.8.23\Fighter Planes\Library\PackageCache\com.unity.visualscripting@1.8.0\Editor\VisualScripting.Core\Dependencies\DotNetZip\Unity.VisualScripting.IonicZip.dll
Native extension for WindowsStandalone target not found
Native extension for WebGL target not found
Refreshing native plugins compatible for Editor in 0.34 ms, found 3 plugins.
Preloading 0 native plugins for Editor in 0.00 ms.
Mono: successfully reloaded assembly
- Completed reload, in  0.547 seconds
Domain Reload Profiling:
	ReloadAssembly (547ms)
		BeginReloadAssembly (64ms)
			ExecutionOrderSort (0ms)
			DisableScriptedObjects (3ms)
			BackupInstance (0ms)
			ReleaseScriptingObjects (0ms)
			CreateAndSetChildDomain (12ms)
		EndReloadAssembly (423ms)
			LoadAssemblies (47ms)
			RebuildTransferFunctionScriptingTraits (0ms)
			SetupTypeCache (142ms)
			ReleaseScriptCaches (0ms)
			RebuildScriptCaches (26ms)
			SetupLoadedEditorAssemblies (190ms)
				LogAssemblyErrors (0ms)
				InitializePlatformSupportModulesInManaged (3ms)
				SetLoadedEditorAssemblies (0ms)
				RefreshPlugins (0ms)
				BeforeProcessingInitializeOnLoad (43ms)
				ProcessInitializeOnLoadAttributes (129ms)
				ProcessInitializeOnLoadMethodAttributes (10ms)
				AfterProcessingInitializeOnLoad (4ms)
				EditorAssembliesLoaded (0ms)
			ExecutionOrderSort2 (0ms)
			AwakeInstancesAfterBackupRestoration (4ms)
Platform modules already initialized, skipping
========================================================================
Worker process is ready to serve import requests
Launched and connected shader compiler UnityShaderCompiler.exe after 0.04 seconds
Refreshing native plugins compatible for Editor in 0.40 ms, found 3 plugins.
Preloading 0 native plugins for Editor in 0.00 ms.
Unloading 3066 Unused Serialized files (Serialized files now loaded: 0)
Unloading 24 unused Assets / (113.4 KB). Loaded Objects now: 3526.
Memory consumption went from 110.0 MB to 109.9 MB.
Total: 2.299000 ms (FindLiveObjects: 0.144400 ms CreateObjectMapping: 0.040800 ms MarkObjects: 2.037800 ms  DeleteObjects: 0.075300 ms)

AssetImportParameters requested are different than current active one (requested -> active):
  custom:video-decoder-ogg-theora: a1e56fd34408186e4bbccfd4996cb3dc -> 
  custom:container-muxer-webm: aa71ff27fc2769a1b78a27578f13a17b -> 
  custom:container-demuxer-webm: 4f35f7cbe854078d1ac9338744f61a02 -> 
  custom:video-encoder-webm-vp8: eb34c28f22e8b96e1ab97ce403110664 -> 
  custom:video-codec-MediaFoundation-h265: 746d11721c4dcdbdad8f713fa42b33f4 -> 
  custom:audio-encoder-webm-vorbis: bf7c407c2cedff20999df2af8eb42d56 -> 
  custom:framework-win-MediaFoundation: 216162199b28c13a410421893ffa2e32 -> 
  custom:container-demuxer-ogg: 62fdf1f143b41e24485cea50d1cbac27 -> 
  custom:video-decoder-webm-vp8: 9c59270c3fd7afecdb556c50c9e8de78 -> 
  custom:audio-decoder-ogg-vorbis: bf7c407c2cedff20999df2af8eb42d56 -> 
========================================================================
Received Import Request.
  Time since last request: 863970.217987 seconds.
  path: Packages/com.unity.collab-proxy/Editor/PlasticSCM/Assets/Images/d_refresh.png
  artifactKey: Guid(92b8c447daf4d4b41a0ec148d1091261) Importer(815301076,1909f56bfc062723c751e8b465ee728b)
Start importing Packages/com.unity.collab-proxy/Editor/PlasticSCM/Assets/Images/d_refresh.png using Guid(92b8c447daf4d4b41a0ec148d1091261) Importer(815301076,1909f56bfc062723c751e8b465ee728b)  -> (artifact id: '234cc2f3bd5df1a17bdafcc12c47fd97') in 0.122205 seconds 
========================================================================
Received Import Request.
  Time since last request: 1.338258 seconds.
  path: Assets/Sprites/Explosion/Explosion_00007.png
  artifactKey: Guid(43c674856033b1049ab5c28a2892d47c) Importer(815301076,1909f56bfc062723c751e8b465ee728b)
Start importing Assets/Sprites/Explosion/Explosion_00007.png using Guid(43c674856033b1049ab5c28a2892d47c) Importer(815301076,1909f56bfc062723c751e8b465ee728b)  -> (artifact id: '386259364917db2bc1df4d950e7830d8') in 0.047491 seconds 
========================================================================
Received Import Request.
  Time since last request: 0.000022 seconds.
  path: Assets/Sprites/Explosion/Explosion_00015.png
  artifactKey: Guid(ccee0890dac18894d973661c79fbc687) Importer(815301076,1909f56bfc062723c751e8b465ee728b)
Start importing Assets/Sprites/Explosion/Explosion_00015.png using Guid(ccee0890dac18894d973661c79fbc687) Importer(815301076,1909f56bfc062723c751e8b465ee728b)  -> (artifact id: '115d895e35de8e27a064cb0e5e3cc921') in 0.020367 seconds 
========================================================================
Received Import Request.
  Time since last request: 0.006117 seconds.
  path: Assets/Sprites/Explosion/Explosion_00025.png
  artifactKey: Guid(69bf68feb205d884c8da5edc02b9eceb) Importer(815301076,1909f56bfc062723c751e8b465ee728b)
Start importing Assets/Sprites/Explosion/Explosion_00025.png using Guid(69bf68feb205d884c8da5edc02b9eceb) Importer(815301076,1909f56bfc062723c751e8b465ee728b)  -> (artifact id: '352c52011417afee4ba5694711c1bfff') in 0.024633 seconds 
========================================================================
Received Import Request.
  Time since last request: 0.016047 seconds.
  path: Assets/Sprites/Explosion/Explosion_00038.png
  artifactKey: Guid(fa8d6462dd7bc544fa01b7c43e1de8fa) Importer(815301076,1909f56bfc062723c751e8b465ee728b)
Start importing Assets/Sprites/Explosion/Explosion_00038.png using Guid(fa8d6462dd7bc544fa01b7c43e1de8fa) Importer(815301076,1909f56bfc062723c751e8b465ee728b)  -> (artifact id: 'bba5ef706796df10740f3c76ceb067b9') in 0.023627 seconds 
========================================================================
Received Import Request.
  Time since last request: 0.578384 seconds.
  path: Assets/Sprites/Explosion/Explosion_00047.png
  artifactKey: Guid(10551aab76b514a45bb043f9ff9e1046) Importer(815301076,1909f56bfc062723c751e8b465ee728b)
Start importing Assets/Sprites/Explosion/Explosion_00047.png using Guid(10551aab76b514a45bb043f9ff9e1046) Importer(815301076,1909f56bfc062723c751e8b465ee728b)  -> (artifact id: '37e1931b5d29d357cba9c19e381624bf') in 0.034356 seconds 
========================================================================
Received Import Request.
  Time since last request: 0.000024 seconds.
  path: Assets/Sprites/Explosion/Explosion_00049.png
  artifactKey: Guid(a6ed6a58b96b64543ae04f8f7bba4d48) Importer(815301076,1909f56bfc062723c751e8b465ee728b)
Start importing Assets/Sprites/Explosion/Explosion_00049.png using Guid(a6ed6a58b96b64543ae04f8f7bba4d48) Importer(815301076,1909f56bfc062723c751e8b465ee728b)  -> (artifact id: '7d5f6637deedc78c74f80dd965ef51d2') in 0.029936 seconds 
========================================================================
Received Import Request.
  Time since last request: 0.014832 seconds.
  path: Assets/Sprites/Explosion/Explosion_00064.png
  artifactKey: Guid(30e45a2f1bf03634a86061e573c2af64) Importer(815301076,1909f56bfc062723c751e8b465ee728b)
Start importing Assets/Sprites/Explosion/Explosion_00064.png using Guid(30e45a2f1bf03634a86061e573c2af64) Importer(815301076,1909f56bfc062723c751e8b465ee728b)  -> (artifact id: '11c55cf325ceb2966ae683d024ea500d') in 0.029465 seconds 
========================================================================
Received Import Request.
  Time since last request: 0.323658 seconds.
  path: Assets/Sprites/Explosion/Explosion_00077.png
  artifactKey: Guid(3ae636acdf1deb94fbf4ea2bd477dc6a) Importer(815301076,1909f56bfc062723c751e8b465ee728b)
Start importing Assets/Sprites/Explosion/Explosion_00077.png using Guid(3ae636acdf1deb94fbf4ea2bd477dc6a) Importer(815301076,1909f56bfc062723c751e8b465ee728b)  -> (artifact id: '8177faccbfc803fedf2fb505b79593f7') in 0.028068 seconds 
========================================================================
Received Import Request.
  Time since last request: 0.000015 seconds.
  path: Assets/Sprites/Explosion/Explosion_00082.png
  artifactKey: Guid(051d321d38acb8640b3ee456bad532ae) Importer(815301076,1909f56bfc062723c751e8b465ee728b)
Start importing Assets/Sprites/Explosion/Explosion_00082.png using Guid(051d321d38acb8640b3ee456bad532ae) Importer(815301076,1909f56bfc062723c751e8b465ee728b)  -> (artifact id: '23cf4d5bd58e031a1ef6ac893ea29ec0') in 0.027796 seconds 
========================================================================
Received Import Request.
  Time since last request: 0.008631 seconds.
  path: Assets/Sprites/Explosion/Explosion_00094.png
  artifactKey: Guid(7f2b3dad68d63594a981d72bf0fb13c4) Importer(815301076,1909f56bfc062723c751e8b465ee728b)
Start importing Assets/Sprites/Explosion/Explosion_00094.png using Guid(7f2b3dad68d63594a981d72bf0fb13c4) Importer(815301076,1909f56bfc062723c751e8b465ee728b)  -> (artifact id: '5d3693b245f284a2e4774e0b611c3d90') in 0.026525 seconds 
========================================================================
Received Import Request.
  Time since last request: 0.000013 seconds.
  path: Assets/Sprites/Explosion/Explosion_00095.png
  artifactKey: Guid(2d5e672a0d8d2ff44929f1b42f4b5c11) Importer(815301076,1909f56bfc062723c751e8b465ee728b)
Start importing Assets/Sprites/Explosion/Explosion_00095.png using Guid(2d5e672a0d8d2ff44929f1b42f4b5c11) Importer(815301076,1909f56bfc062723c751e8b465ee728b)  -> (artifact id: '51f62a793df0a618bf8234a05a3a48be') in 0.022913 seconds 
========================================================================
Received Import Request.
  Time since last request: 0.000022 seconds.
  path: Assets/Sprites/Explosion/Explosion_00110.png
  artifactKey: Guid(1bbbd12a415f21244ad5a5c338e677a1) Importer(815301076,1909f56bfc062723c751e8b465ee728b)
Start importing Assets/Sprites/Explosion/Explosion_00110.png using Guid(1bbbd12a415f21244ad5a5c338e677a1) Importer(815301076,1909f56bfc062723c751e8b465ee728b)  -> (artifact id: '8a84675d78a8b82dbd3a682e34dac043') in 0.015085 seconds 
========================================================================
Received Import Request.
  Time since last request: 0.331510 seconds.
  path: Assets/Sprites/Explosion/Explosion_00117.png
  artifactKey: Guid(b9bd8e57bafc9e0458e94112a0e9a84e) Importer(815301076,1909f56bfc062723c751e8b465ee728b)
Start importing Assets/Sprites/Explosion/Explosion_00117.png using Guid(b9bd8e57bafc9e0458e94112a0e9a84e) Importer(815301076,1909f56bfc062723c751e8b465ee728b)  -> (artifact id: '19a88436a881c0775e014efc720a8615') in 0.020033 seconds 
========================================================================
Received Import Request.
  Time since last request: 0.000013 seconds.
  path: Assets/Sprites/Explosion/Explosion_00120.png
  artifactKey: Guid(58e3e3c40032c314da86a262f21232a8) Importer(815301076,1909f56bfc062723c751e8b465ee728b)
Start importing Assets/Sprites/Explosion/Explosion_00120.png using Guid(58e3e3c40032c314da86a262f21232a8) Importer(815301076,1909f56bfc062723c751e8b465ee728b)  -> (artifact id: '2f0a35d2a69108e87c73fe7e340f48f3') in 0.027128 seconds 
========================================================================
Received Import Request.
  Time since last request: 0.000017 seconds.
  path: Assets/Sprites/Explosion/Explosion_00124.png
  artifactKey: Guid(d4a1919c834c61f43aa8418fdfd54529) Importer(815301076,1909f56bfc062723c751e8b465ee728b)
Start importing Assets/Sprites/Explosion/Explosion_00124.png using Guid(d4a1919c834c61f43aa8418fdfd54529) Importer(815301076,1909f56bfc062723c751e8b465ee728b)  -> (artifact id: 'dfb43ef8f9f0571670149d1be4da63c2') in 0.028328 seconds 
========================================================================
Received Import Request.
  Time since last request: 0.007355 seconds.
  path: Assets/Sprites/Explosion/Explosion_00137.png
  artifactKey: Guid(75804bfc587a0bc409beed3c44a1f3b4) Importer(815301076,1909f56bfc062723c751e8b465ee728b)
Start importing Assets/Sprites/Explosion/Explosion_00137.png using Guid(75804bfc587a0bc409beed3c44a1f3b4) Importer(815301076,1909f56bfc062723c751e8b465ee728b)  -> (artifact id: 'de8b188509a71e5837e4dcc9b7d6e679') in 0.025382 seconds 
========================================================================
Received Import Request.
  Time since last request: 0.318260 seconds.
  path: Assets/Sprites/Explosion/Explosion_00147.png
  artifactKey: Guid(aba32f26ba19e0b44b69bd9b24c5a4c9) Importer(815301076,1909f56bfc062723c751e8b465ee728b)
Start importing Assets/Sprites/Explosion/Explosion_00147.png using Guid(aba32f26ba19e0b44b69bd9b24c5a4c9) Importer(815301076,1909f56bfc062723c751e8b465ee728b)  -> (artifact id: '1f603a939c1365cb97138150f34fa1fd') in 0.017230 seconds 
========================================================================
Received Import Request.
  Time since last request: 0.009996 seconds.
  path: Assets/Sprites/Explosion/Explosion_00156.png
  artifactKey: Guid(71d58e5e3acd9e74fa90ff6f81eee7a1) Importer(815301076,1909f56bfc062723c751e8b465ee728b)
Start importing Assets/Sprites/Explosion/Explosion_00156.png using Guid(71d58e5e3acd9e74fa90ff6f81eee7a1) Importer(815301076,1909f56bfc062723c751e8b465ee728b)  -> (artifact id: 'dcf2d5d6b4911c2fa016bd824fca8646') in 0.019552 seconds 
========================================================================
Received Import Request.
  Time since last request: 0.004143 seconds.
  path: Packages/com.unity.collab-proxy/Editor/PlasticSCM/Assets/Images/iconconflicted@2x.png
  artifactKey: Guid(f95f697d66d238446b1ab717def09945) Importer(815301076,1909f56bfc062723c751e8b465ee728b)
Start importing Packages/com.unity.collab-proxy/Editor/PlasticSCM/Assets/Images/iconconflicted@2x.png using Guid(f95f697d66d238446b1ab717def09945) Importer(815301076,1909f56bfc062723c751e8b465ee728b)  -> (artifact id: '70c3de1b1bbeabe59a6231c03f93a935') in 0.008834 seconds 
========================================================================
Received Import Request.
  Time since last request: 0.011029 seconds.
  path: Packages/com.unity.collab-proxy/Editor/PlasticSCM/Assets/Images/iconlockedremoteoverlay@2x.png
  artifactKey: Guid(f73a7d8758d7be04588b15637d94b5a8) Importer(815301076,1909f56bfc062723c751e8b465ee728b)
Start importing Packages/com.unity.collab-proxy/Editor/PlasticSCM/Assets/Images/iconlockedremoteoverlay@2x.png using Guid(f73a7d8758d7be04588b15637d94b5a8) Importer(815301076,1909f56bfc062723c751e8b465ee728b)  -> (artifact id: '900600203ef2725ccbc9beba8f6381b4') in 0.013832 seconds 
========================================================================
Received Import Request.
  Time since last request: 3.069425 seconds.
  path: Packages/com.unity.collab-proxy/Editor/PlasticSCM/Assets/Images/iconplasticnotifyincoming@2x.png
  artifactKey: Guid(ae869fe6797f4454cbbf417d87ff637c) Importer(815301076,1909f56bfc062723c751e8b465ee728b)
Start importing Packages/com.unity.collab-proxy/Editor/PlasticSCM/Assets/Images/iconplasticnotifyincoming@2x.png using Guid(ae869fe6797f4454cbbf417d87ff637c) Importer(815301076,1909f56bfc062723c751e8b465ee728b)  -> (artifact id: '361b4b6c92ee02efee0b1179441bb570') in 0.061393 seconds 
========================================================================
Received Import Request.
  Time since last request: 0.000013 seconds.
  path: Packages/com.unity.collab-proxy/Editor/PlasticSCM/Assets/Images/secondarytabclosehover.png
  artifactKey: Guid(8fac55fff4ce5fa40a7b2efefc0e617a) Importer(815301076,1909f56bfc062723c751e8b465ee728b)
Start importing Packages/com.unity.collab-proxy/Editor/PlasticSCM/Assets/Images/secondarytabclosehover.png using Guid(8fac55fff4ce5fa40a7b2efefc0e617a) Importer(815301076,1909f56bfc062723c751e8b465ee728b)  -> (artifact id: 'f6de8472a75b49c1c8195a86437da77f') in 0.034052 seconds 
Editor requested this worker to shutdown with reason: Scaling down because of idle timeout
AssetImportWorker is now disconnected from the server
Process exiting
Exiting without the bug reporter. Application will terminate with return code 0